
0   CoreFoundation                      0x0000000182650f74 __exceptionPreprocess + 148
1   libobjc.A.dylib                     0x0000000197b3ff80 objc_exception_throw + 56
2   CoreFoundation                      0x000000018253a30c -[__NSPlaceholderArray initWithObjects:count:] + 300
3   CoreFoundation                      0x0000000182545db4 +[NSArray arrayWithObjects:count:] + 52
4   iNDS                                0x000000010021a838 -[AppDelegate startBackgroundProcesses] + 92
5   iNDS                                0x0000000100259968 -[iNDSROMTableViewController viewDidAppear:] + 104
6   UIKit                               0x0000000187bbf9f0 -[UIViewController _setViewAppearState:isAnimating:] + 724
7   UIKit                               0x0000000187c7d398 -[UINavigationController viewDidAppear:] + 208
8   UIKit                               0x0000000187bbf9f0 -[UIViewController _setViewAppearState:isAnimating:] + 724
9   UIKit                               0x0000000187bbff9c -[UIViewController _endAppearanceTransition:] + 300
10  UIKit                               0x0000000187eefa18 -[UIPresentationController transitionDidFinish:] + 844
11  UIKit                               0x000000018800bfe4 -[_UICurrentContextPresentationController transitionDidFinish:] + 44
12  UIKit                               0x0000000187ef2ddc __56-[UIPresentationController runTransitionForCurrentState]_block_invoke_2 + 188
13  UIKit                               0x0000000187cd3088 -[_UIViewControllerTransitionContext completeTransition:] + 116
14  Foundation                          0x0000000183581944 __NSFireDelayedPerform + 428
15  CoreFoundation                      0x0000000182608c9c __CFRUNLOOP_IS_CALLING_OUT_TO_A_TIMER_CALLBACK_FUNCTION__ + 28
16  CoreFoundation                      0x0000000182608940 __CFRunLoopDoTimer + 884
17  CoreFoundation                      0x0000000182606054 __CFRunLoopRun + 1520
18  CoreFoundation                      0x0000000182534dc0 CFRunLoopRunSpecific + 384
19  GraphicsServices                    0x000000018d9d0088 GSEventRunModal + 180
20  UIKit                               0x0000000187c0ef44 UIApplicationMain + 204
21  iNDS                                0x00000001001f3d64 main + 88
22  libdyld.dylib                       0x000000019835e8b8 start + 4